<?xml version="1.0" encoding="UTF-8"?>
<!-- Generated by org.testng.reporters.JUnitReportReporter -->
<testsuite hostname="SL-1029" name="com.yourcompany.Tests.EmulatorBrowserPageTitleTest" tests="3" failures="0" timestamp="25 Feb 2020 01:46:07 GMT" time="112.364" errors="0">
  <testcase name="verifyTitleTest" time="35.211" classname="com.yourcompany.Tests.EmulatorBrowserPageTitleTest"/>
  <testcase name="verifyTitleTest" time="69.374" classname="com.yourcompany.Tests.EmulatorBrowserPageTitleTest"/>
  <testcase name="verifyTitleTest" time="7.779" classname="com.yourcompany.Tests.EmulatorBrowserPageTitleTest"/>
</testsuite> <!-- com.yourcompany.Tests.EmulatorBrowserPageTitleTest -->
